<?xml version="1.0" encoding="UTF-8"?>
<testsuite name="ru.nsu.aramazanova.HeapSortTest" tests="5" skipped="0" failures="0" errors="0" timestamp="2022-09-27T11:46:19" hostname="LAPTOP-4NKQGND7" time="0.052">
  <properties/>
  <testcase name="testEmptyArray()" classname="ru.nsu.aramazanova.HeapSortTest" time="0.039"/>
  <testcase name="testRandomArray()" classname="ru.nsu.aramazanova.HeapSortTest" time="0.002"/>
  <testcase name="testReversedArray()" classname="ru.nsu.aramazanova.HeapSortTest" time="0.001"/>
  <testcase name="testOneElementArray()" classname="ru.nsu.aramazanova.HeapSortTest" time="0.001"/>
  <testcase name="testSortedArray()" classname="ru.nsu.aramazanova.HeapSortTest" time="0.004"/>
  <system-out><![CDATA[]]></system-out>
  <system-err><![CDATA[]]></system-err>
</testsuite>
