<?xml version="1.0" encoding="UTF-8"?>
<testsuite name="ru.nsu.aramazanova1.StudentGradeBookTest" tests="4" skipped="0" failures="0" errors="0" timestamp="2022-12-02T12:39:19" hostname="LAPTOP-4NKQGND7" time="0.072">
  <properties/>
  <testcase name="averageTest()" classname="ru.nsu.aramazanova1.StudentGradeBookTest" time="0.062"/>
  <testcase name="redDiplomaTest()" classname="ru.nsu.aramazanova1.StudentGradeBookTest" time="0.002"/>
  <testcase name="scholarshipTest()" classname="ru.nsu.aramazanova1.StudentGradeBookTest" time="0.003"/>
  <testcase name="myGradeBookTest()" classname="ru.nsu.aramazanova1.StudentGradeBookTest" time="0.002"/>
  <system-out><![CDATA[]]></system-out>
  <system-err><![CDATA[]]></system-err>
</testsuite>
