<?xml version="1.0" encoding="UTF-8"?>
<testsuite name="ru.nsu.aramazanova1.StudentGradeBookTest" tests="4" skipped="0" failures="0" errors="0" timestamp="2022-12-09T15:24:22" hostname="LAPTOP-4NKQGND7" time="0.065">
  <properties/>
  <testcase name="averageTest()" classname="ru.nsu.aramazanova1.StudentGradeBookTest" time="0.05"/>
  <testcase name="redDiplomaTest()" classname="ru.nsu.aramazanova1.StudentGradeBookTest" time="0.008"/>
  <testcase name="scholarshipTest()" classname="ru.nsu.aramazanova1.StudentGradeBookTest" time="0.002"/>
  <testcase name="myGradeBookTest()" classname="ru.nsu.aramazanova1.StudentGradeBookTest" time="0.002"/>
  <system-out><![CDATA[]]></system-out>
  <system-err><![CDATA[]]></system-err>
</testsuite>
