<?xml version="1.0" encoding="UTF-8"?>
<testsuite name="ru.nsu.aramazanova1.TestPizzeria" tests="1" skipped="0" failures="0" errors="0" timestamp="2023-03-28T05:30:49" hostname="LAPTOP-4NKQGND7" time="0.034">
  <properties/>
  <testcase name="test()" classname="ru.nsu.aramazanova1.TestPizzeria" time="0.034"/>
  <system-out><![CDATA[]]></system-out>
  <system-err><![CDATA[]]></system-err>
</testsuite>
